<?xml version="1.0" encoding="UTF-8"?>
<!-- Generated by org.testng.reporters.JUnitXMLReporter -->
<testsuite ignored="2" hostname="Yamini" failures="0" tests="3" name="Test" time="0.047" errors="0" timestamp="2024-11-29T18:11:35 IST">
  <testcase classname="testNG_Package.Grouping_Concept" name="TC1" time="0.012"/>
  <testcase classname="testNG_Package.Grouping_Concept" name="TC4" time="0.002"/>
  <testcase classname="testNG_Package.Grouping_Concept" name="Tc2" time="0.001"/>
  <testcase classname="testNG_Package.Grouping_Concept" name="TC5" time="0.0">
    <ignored/>
  </testcase> <!-- TC5 -->
  <testcase classname="testNG_Package.Grouping_Concept" name="TC3" time="0.0">
    <ignored/>
  </testcase> <!-- TC3 -->
</testsuite> <!-- Test -->
