<?xml version="1.0" encoding="UTF-8"?>
<testng-results ignored="2" total="5" passed="3" failed="0" skipped="0">
  <reporter-output>
  </reporter-output>
  <suite started-at="2024-11-29T18:11:35 IST" name="Suite" finished-at="2024-11-29T18:11:35 IST" duration-ms="47">
    <groups>
      <group name="Integration">
        <method signature="Grouping_Concept.Tc2()[pri:0, instance:testNG_Package.Grouping_Concept@ffaa6af]" name="Tc2" class="testNG_Package.Grouping_Concept"/>
      </group> <!-- Integration -->
      <group name="smoke">
        <method signature="Grouping_Concept.TC1()[pri:0, instance:testNG_Package.Grouping_Concept@ffaa6af]" name="TC1" class="testNG_Package.Grouping_Concept"/>
        <method signature="Grouping_Concept.TC4()[pri:0, instance:testNG_Package.Grouping_Concept@ffaa6af]" name="TC4" class="testNG_Package.Grouping_Concept"/>
        <method signature="Grouping_Concept.Tc2()[pri:0, instance:testNG_Package.Grouping_Concept@ffaa6af]" name="Tc2" class="testNG_Package.Grouping_Concept"/>
      </group> <!-- smoke -->
    </groups>
    <test started-at="2024-11-29T18:11:35 IST" name="Test" finished-at="2024-11-29T18:11:35 IST" duration-ms="47">
      <class name="testNG_Package.Grouping_Concept">
        <test-method signature="TC1()[pri:0, instance:testNG_Package.Grouping_Concept@ffaa6af]" started-at="2024-11-29T18:11:35 IST" name="TC1" finished-at="2024-11-29T18:11:35 IST" duration-ms="12" status="PASS">
          <reporter-output>
          </reporter-output>
        </test-method> <!-- TC1 -->
        <test-method signature="TC4()[pri:0, instance:testNG_Package.Grouping_Concept@ffaa6af]" started-at="2024-11-29T18:11:35 IST" name="TC4" finished-at="2024-11-29T18:11:35 IST" duration-ms="2" status="PASS">
          <reporter-output>
          </reporter-output>
        </test-method> <!-- TC4 -->
        <test-method signature="Tc2()[pri:0, instance:testNG_Package.Grouping_Concept@ffaa6af]" started-at="2024-11-29T18:11:35 IST" name="Tc2" finished-at="2024-11-29T18:11:35 IST" duration-ms="1" status="PASS">
          <reporter-output>
          </reporter-output>
        </test-method> <!-- Tc2 -->
      </class> <!-- testNG_Package.Grouping_Concept -->
    </test> <!-- Test -->
  </suite> <!-- Suite -->
</testng-results>
