<?xml version="1.0" encoding="UTF-8"?>
<testng-results ignored="0" total="1" passed="1" failed="0" skipped="0">
  <reporter-output>
  </reporter-output>
  <suite started-at="2024-12-05T16:41:38 IST" name="Suite" finished-at="2024-12-05T16:41:55 IST" duration-ms="16862">
    <groups>
    </groups>
    <test started-at="2024-12-05T16:41:38 IST" name="Test" finished-at="2024-12-05T16:41:55 IST" duration-ms="16862">
      <class name="package1.Maven_Project.TestCase2">
        <test-method signature="TC2()[pri:0, instance:package1.Maven_Project.TestCase2@1700915]" started-at="2024-12-05T16:41:38 IST" name="TC2" finished-at="2024-12-05T16:41:55 IST" duration-ms="16828" status="PASS">
          <reporter-output>
          </reporter-output>
        </test-method> <!-- TC2 -->
      </class> <!-- package1.Maven_Project.TestCase2 -->
    </test> <!-- Test -->
  </suite> <!-- Suite -->
</testng-results>
